//response from create_order promise.
{
	"info": {
		"orderId": "1530933804957504768",
		"orderLinkId": "018b2b3d-7178-704c-96f0-60a19d7b3e14"
	},
	"id": "1530933804957504768",
	"clientOrderId": "018b2b3d-7178-704c-96f0-60a19d7b3e14",
	"timestamp": null,
	"datetime": null,
	"lastTradeTimestamp": null,
	"lastUpdateTimestamp": null,
	"symbol": "BTC/USDT",
	"type": null,
	"timeInForce": null,
	"postOnly": null,
	"reduceOnly": null,
	"side": null,
	"price": null,
	"stopPrice": null,
	"triggerPrice": null,
	"takeProfitPrice": null,
	"stopLossPrice": null,
	"amount": null,
	"cost": null,
	"average": null,
	"filled": null,
	"remaining": null,
	"status": null,
	"fee": null,
	"trades": [],
	"fees": []
},
//from watchTrades
{
	"id": "2100000000042607989",
	"info": {
		"i": "2100000000042607989",
		"T": 1697237531251,
		"p": "25530.64",
		"v": "0.001096",
		"S": "Sell",
		"s": "BTCUSDT",
		"BT": false
	},
	"timestamp": 1697237531251,
	"datetime": "2023-10-13T22:52:11.251Z",
	"symbol": "BTC\/USDT",
	"order": null,
	"type": null,
	"side": "sell",
	"takerOrMaker": null,
	"price": 25530.64,
	"amount": 0.001096,
	"cost": 27.98158144,
	"fee": null,
	"fees": []
},
//from watchMyTrades
{
	"id": "2100000000042607989",
	"info": {
		"category": "spot",
		"symbol": "BTCUSDT",
		"execFee": "",
		"execId": "2100000000042607989",
		"execPrice": "25530.64",
		"execQty": "0.001096",
		"execType": "",
		"execValue": "",
		"isMaker": false,
		"feeRate": "",
		"tradeIv": "",
		"markIv": "",
		"blockTradeId": "",
		"markPrice": "",
		"indexPrice": "",
		"underlyingPrice": "",
		"leavesQty": "",
		"orderId": "1530933804957504768",
		"orderLinkId": "018b2b3d-7178-704c-96f0-60a19d7b3e14",
		"orderPrice": "",
		"orderQty": "",
		"orderType": "",
		"stopOrderType": "",
		"side": "Sell",
		"execTime": "1697237531251",
		"isLeverage": "0",
		"seq": 1236136112
	},
	"timestamp": 1697237531251,
	"datetime": "2023-10-13T22:52:11.251Z",
	"symbol": "BTC/USDT",
	"order": "1530933804957504768",
	"type": null,
	"side": "sell",
	"takerOrMaker": "taker",
	"price": 25530.64,
	"amount": 0.001096,
	"cost": 27.98158144,
	"fee": null,
	"fees": []
},
//from watchOrders
{
	"info": {
		"symbol": "BTCUSDT",
		"orderId": "1530933804957504768",
		"side": "Sell",
		"orderType": "Limit",
		"cancelType": "UNKNOWN",
		"price": "25530.35",
		"qty": "0.016445",
		"orderIv": "",
		"timeInForce": "GTC",
		"orderStatus": "New",
		"orderLinkId": "018b2b3d-7178-704c-96f0-60a19d7b3e14",
		"lastPriceOnCreated": "",
		"reduceOnly": false,
		"leavesQty": "",
		"leavesValue": "",
		"cumExecQty": "0.000000",
		"cumExecValue": "0.00000000",
		"avgPrice": "",
		"blockTradeId": "",
		"positionIdx": 0,
		"cumExecFee": "0",
		"feeCurrency": "",
		"createdTime": "1697237531238",
		"updatedTime": "1697237531255",
		"rejectReason": "",
		"stopOrderType": "",
		"triggerPrice": "",
		"takeProfit": "",
		"stopLoss": "",
		"tpTriggerBy": "",
		"slTriggerBy": "",
		"triggerDirection": 0,
		"triggerBy": "",
		"closeOnTrigger": false,
		"category": "spot",
		"isLeverage": "0",
		"smpType": "None",
		"smpGroup": 0,
		"smpOrderId": ""
	},
	"id": "1530933804957504768",
	"clientOrderId": "018b2b3d-7178-704c-96f0-60a19d7b3e14",
	"timestamp": 1697237531238,
	"datetime": "2023-10-13T22:52:11.238Z",
	"lastTradeTimestamp": 1697237531255,
	"symbol": "BTC/USDT",
	"type": "limit",
	"timeInForce": "GTC",
	"postOnly": false,
	"side": "sell",
	"price": 25530.35,
	"stopPrice": null,
	"triggerPrice": null,
	"takeProfitPrice": null,
	"stopLossPrice": null,
	"reduceOnly": false,
	"amount": 0.016445,
	"cost": 0,
	"average": null,
	"filled": 0,
	"remaining": 0.016445,
	"status": "open",
	"fee": null,
	"fees": [],
	"lastUpdateTimestamp": null,
	"trades": []
},
//from watchOrders
{
	"info": {
		"symbol": "BTCUSDT",
		"orderId": "1530933804957504768",
		"side": "Sell",
		"orderType": "Limit",
		"cancelType": "UNKNOWN",
		"price": "25530.35",
		"qty": "0.016445",
		"orderIv": "",
		"timeInForce": "GTC",
		"orderStatus": "PartiallyFilled",
		"orderLinkId": "018b2b3d-7178-704c-96f0-60a19d7b3e14",
		"lastPriceOnCreated": "",
		"reduceOnly": false,
		"leavesQty": "",
		"leavesValue": "",
		"cumExecQty": "0.001096",
		"cumExecValue": "27.98158144",
		"avgPrice": "",
		"blockTradeId": "",
		"positionIdx": 0,
		"cumExecFee": "0.02798158144",
		"feeCurrency": "USDT",
		"createdTime": "1697237531238",
		"updatedTime": "1697237531261",
		"rejectReason": "",
		"stopOrderType": "",
		"triggerPrice": "",
		"takeProfit": "",
		"stopLoss": "",
		"tpTriggerBy": "",
		"slTriggerBy": "",
		"triggerDirection": 0,
		"triggerBy": "",
		"closeOnTrigger": false,
		"category": "spot",
		"isLeverage": "0",
		"smpType": "None",
		"smpGroup": 0,
		"smpOrderId": ""
	},
	"id": "1530933804957504768",
	"clientOrderId": "018b2b3d-7178-704c-96f0-60a19d7b3e14",
	"timestamp": 1697237531238,
	"datetime": "2023-10-13T22:52:11.238Z",
	"lastTradeTimestamp": 1697237531261,
	"symbol": "BTC/USDT",
	"type": "limit",
	"timeInForce": "GTC",
	"postOnly": false,
	"side": "sell",
	"price": 25530.35,
	"stopPrice": null,
	"triggerPrice": null,
	"takeProfitPrice": null,
	"stopLossPrice": null,
	"reduceOnly": false,
	"amount": 0.016445,
	"cost": 27.98158144,
	"average": 25530.64,
	"filled": 0.001096,
	"remaining": 0.015349,
	"status": "open",
	"fee": {
		"cost": "0.02798158144",
		"currency": null
	},
	"fees": [
		{
			"cost": 0.02798158144,
			"currency": null
		}
	],
	"lastUpdateTimestamp": null,
	"trades": []
},
//from watchTrades
{
	"id": "2100000000042607997",
	"info": {
		"i": "2100000000042607997",
		"T": 1697237532686,
		"p": "25530.35",
		"v": "0.015349",
		"S": "Buy",
		"s": "BTCUSDT",
		"BT": false
	},
	"timestamp": 1697237532686,
	"datetime": "2023-10-13T22:52:12.686Z",
	"symbol": "BTC\/USDT",
	"order": null,
	"type": null,
	"side": "buy",
	"takerOrMaker": null,
	"price": 25530.35,
	"amount": 0.015349,
	"cost": 391.86534215,
	"fee": null,
	"fees": []
},
// from watchMyTrades
{
	"id": "2100000000042607997",
	"info": {
		"category": "spot",
		"symbol": "BTCUSDT",
		"execFee": "",
		"execId": "2100000000042607997",
		"execPrice": "25530.35",
		"execQty": "0.015349",
		"execType": "",
		"execValue": "",
		"isMaker": true,
		"feeRate": "",
		"tradeIv": "",
		"markIv": "",
		"blockTradeId": "",
		"markPrice": "",
		"indexPrice": "",
		"underlyingPrice": "",
		"leavesQty": "",
		"orderId": "1530933804957504768",
		"orderLinkId": "018b2b3d-7178-704c-96f0-60a19d7b3e14",
		"orderPrice": "",
		"orderQty": "",
		"orderType": "",
		"stopOrderType": "",
		"side": "Sell",
		"execTime": "1697237532686",
		"isLeverage": "0",
		"seq": 1236136117
	},
	"timestamp": 1697237532686,
	"datetime": "2023-10-13T22:52:12.686Z",
	"symbol": "BTC/USDT",
	"order": "1530933804957504768",
	"type": null,
	"side": "sell",
	"takerOrMaker": "maker",
	"price": 25530.35,
	"amount": 0.015349,
	"cost": 391.86534215,
	"fee": null,
	"fees": []
},
//from watchOrders
{
	"info": {
		"symbol": "BTCUSDT",
		"orderId": "1530933804957504768",
		"side": "Sell",
		"orderType": "Limit",
		"cancelType": "UNKNOWN",
		"price": "25530.35",
		"qty": "0.016445",
		"orderIv": "",
		"timeInForce": "GTC",
		"orderStatus": "Filled",
		"orderLinkId": "018b2b3d-7178-704c-96f0-60a19d7b3e14",
		"lastPriceOnCreated": "",
		"reduceOnly": false,
		"leavesQty": "",
		"leavesValue": "",
		"cumExecQty": "0.016445",
		"cumExecValue": "419.84692359",
		"avgPrice": "",
		"blockTradeId": "",
		"positionIdx": 0,
		"cumExecFee": "0.7837306843",
		"feeCurrency": "USDT",
		"createdTime": "1697237531238",
		"updatedTime": "1697237532694",
		"rejectReason": "",
		"stopOrderType": "",
		"triggerPrice": "",
		"takeProfit": "",
		"stopLoss": "",
		"tpTriggerBy": "",
		"slTriggerBy": "",
		"triggerDirection": 0,
		"triggerBy": "",
		"closeOnTrigger": false,
		"category": "spot",
		"isLeverage": "0",
		"smpType": "None",
		"smpGroup": 0,
		"smpOrderId": ""
	},
	"id": "1530933804957504768",
	"clientOrderId": "018b2b3d-7178-704c-96f0-60a19d7b3e14",
	"timestamp": 1697237531238,
	"datetime": "2023-10-13T22:52:11.238Z",
	"lastTradeTimestamp": 1697237532694,
	"symbol": "BTC/USDT",
	"type": "limit",
	"timeInForce": "GTC",
	"postOnly": false,
	"side": "sell",
	"price": 25530.35,
	"stopPrice": null,
	"triggerPrice": null,
	"takeProfitPrice": null,
	"stopLossPrice": null,
	"reduceOnly": false,
	"amount": 0.016445,
	"cost": 419.84692359,
	"average": 25530.369327455155,
	"filled": 0.016445,
	"remaining": 0,
	"status": "closed",
	"fee": {
		"cost": "0.7837306843",
		"currency": null
	},
	"fees": [
		{
			"cost": 0.7837306843,
			"currency": null
		}
	],
	"lastUpdateTimestamp": null,
	"trades": []
}
